2015-11-10 15:26:56 10fc InnoDB: Warning: Using innodb_additional_mem_pool_size is DEPRECATED. This option may be removed in future releases, together with the option innodb_use_sys_malloc and with the InnoDB's internal memory allocator.
2015-11-10 15:26:56 4348 [Note] InnoDB: Using mutexes to ref count buffer pool pages
2015-11-10 15:26:56 4348 [Note] InnoDB: The InnoDB memory heap is disabled
2015-11-10 15:26:56 4348 [Note] InnoDB: Mutexes and rw_locks use Windows interlocked functions
2015-11-10 15:26:56 4348 [Note] InnoDB: Memory barrier is not used
2015-11-10 15:26:56 4348 [Note] InnoDB: Compressed tables use zlib 1.2.3
2015-11-10 15:26:56 4348 [Note] InnoDB: Not using CPU crc32 instructions
2015-11-10 15:26:56 4348 [Note] InnoDB: Initializing buffer pool, size = 16.0M
2015-11-10 15:26:56 4348 [Note] InnoDB: Completed initialization of buffer pool
2015-11-10 15:26:56 4348 [Note] InnoDB: Highest supported file format is Barracuda.
2015-11-10 15:26:57 4348 [Note] InnoDB: 128 rollback segment(s) are active.
2015-11-10 15:26:57 4348 [Note] InnoDB: Waiting for purge to start
2015-11-10 15:26:57 4348 [Note] InnoDB:  Percona XtraDB (http://www.percona.com) 5.6.26-74.0 started; log sequence number 1835027
2015-11-10 15:26:57 6140 [Note] InnoDB: Dumping buffer pool(s) not yet started
2015-11-10 15:26:57 4348 [Note] Plugin 'FEEDBACK' is disabled.
2015-11-10 15:26:57 4348 [Note] Server socket created on IP: '::'.
2015-11-10 15:26:57 4348 [Note] Event Scheduler: Loaded 0 events
2015-11-10 15:26:57 4348 [Note] C:\xampp\mysql\bin\mysqld.exe: ready for connections.
Version: '10.1.8-MariaDB'  socket: ''  port: 3306  mariadb.org binary distribution
2015-11-10 15:27:11 5152 [Note] C:\xampp\mysql\bin\mysqld.exe: Normal shutdown

2015-11-10 15:27:11 5152 [Note] Event Scheduler: Purging the queue. 0 events
2015-11-10 15:27:11 5732 [Note] InnoDB: FTS optimize thread exiting.
2015-11-10 15:27:11 5152 [Note] InnoDB: Starting shutdown...
2015-11-10 15:27:13 5152 [Note] InnoDB: Shutdown completed; log sequence number 1835037
2015-11-10 15:27:13 5152 [Note] C:\xampp\mysql\bin\mysqld.exe: Shutdown complete

2016-02-10 00:16:45 b6c InnoDB: Warning: Using innodb_additional_mem_pool_size is DEPRECATED. This option may be removed in future releases, together with the option innodb_use_sys_malloc and with the InnoDB's internal memory allocator.
2016-02-10  0:16:45 2924 [Note] InnoDB: Using mutexes to ref count buffer pool pages
2016-02-10  0:16:45 2924 [Note] InnoDB: The InnoDB memory heap is disabled
2016-02-10  0:16:45 2924 [Note] InnoDB: Mutexes and rw_locks use Windows interlocked functions
2016-02-10  0:16:45 2924 [Note] InnoDB: Memory barrier is not used
2016-02-10  0:16:45 2924 [Note] InnoDB: Compressed tables use zlib 1.2.3
2016-02-10  0:16:45 2924 [Note] InnoDB: Not using CPU crc32 instructions
2016-02-10  0:16:45 2924 [Note] InnoDB: Initializing buffer pool, size = 16.0M
2016-02-10  0:16:45 2924 [Note] InnoDB: Completed initialization of buffer pool
2016-02-10  0:16:45 2924 [Note] InnoDB: Highest supported file format is Barracuda.
2016-02-10  0:16:47 2924 [Note] InnoDB: 128 rollback segment(s) are active.
2016-02-10  0:16:47 2924 [Note] InnoDB: Waiting for purge to start
2016-02-10  0:16:47 2924 [Note] InnoDB:  Percona XtraDB (http://www.percona.com) 5.6.26-74.0 started; log sequence number 1835037
2016-02-10  0:16:47 1852 [Note] InnoDB: Dumping buffer pool(s) not yet started
2016-02-10  0:16:47 2924 [Note] Plugin 'FEEDBACK' is disabled.
2016-02-10  0:16:47 2924 [Note] Server socket created on IP: '::'.
2016-02-10  0:16:48 2924 [Note] c:\home\fontenaypayload\xampp\mysql\bin\mysqld.exe: ready for connections.
Version: '10.1.9-MariaDB'  socket: ''  port: 3306  mariadb.org binary distribution
2016-02-10  2:00:33 2676 [Warning] Hostname 'simon.fritz.box' does not resolve to 'fe80::815d:bd63:ec48:c367%4'.
2016-02-10  2:00:33 2676 [Note] Hostname 'simon.fritz.box' has the following IP addresses:
2016-02-10  2:00:33 2676 [Note]  - 192.168.178.30
2016-02-10  2:03:00 8704 [Note] c:\home\fontenaypayload\xampp\mysql\bin\mysqld.exe: Normal shutdown

2016-02-10  2:03:00 8704 [Note] Event Scheduler: Purging the queue. 0 events
2016-02-10  2:03:00 11248 [Note] InnoDB: FTS optimize thread exiting.
2016-02-10  2:03:00 8704 [Note] InnoDB: Starting shutdown...
2016-02-10  2:03:02 8704 [Note] InnoDB: Shutdown completed; log sequence number 1863480
2016-02-10  2:03:02 8704 [Note] c:\home\fontenaypayload\xampp\mysql\bin\mysqld.exe: Shutdown complete

2016-02-10 02:03:05 2b90 InnoDB: Warning: Using innodb_additional_mem_pool_size is DEPRECATED. This option may be removed in future releases, together with the option innodb_use_sys_malloc and with the InnoDB's internal memory allocator.
2016-02-10  2:03:05 11152 [Note] InnoDB: Using mutexes to ref count buffer pool pages
2016-02-10  2:03:05 11152 [Note] InnoDB: The InnoDB memory heap is disabled
2016-02-10  2:03:05 11152 [Note] InnoDB: Mutexes and rw_locks use Windows interlocked functions
2016-02-10  2:03:05 11152 [Note] InnoDB: Memory barrier is not used
2016-02-10  2:03:05 11152 [Note] InnoDB: Compressed tables use zlib 1.2.3
2016-02-10  2:03:05 11152 [Note] InnoDB: Not using CPU crc32 instructions
2016-02-10  2:03:05 11152 [Note] InnoDB: Initializing buffer pool, size = 16.0M
2016-02-10  2:03:05 11152 [Note] InnoDB: Completed initialization of buffer pool
2016-02-10  2:03:05 11152 [Note] InnoDB: Highest supported file format is Barracuda.
2016-02-10  2:03:05 11152 [Note] InnoDB: 128 rollback segment(s) are active.
2016-02-10  2:03:05 11152 [Note] InnoDB: Waiting for purge to start
2016-02-10  2:03:06 11152 [Note] InnoDB:  Percona XtraDB (http://www.percona.com) 5.6.26-74.0 started; log sequence number 1863480
2016-02-10  2:03:06 6748 [Note] InnoDB: Dumping buffer pool(s) not yet started
2016-02-10  2:03:06 11152 [Note] Plugin 'FEEDBACK' is disabled.
2016-02-10  2:03:06 11152 [Note] Server socket created on IP: '192.168.178.30'.
2016-02-10  2:03:06 11152 [Note] c:\home\fontenaypayload\xampp\mysql\bin\mysqld.exe: ready for connections.
Version: '10.1.9-MariaDB'  socket: ''  port: 3306  mariadb.org binary distribution
2016-02-10 02:08:26 1cb8 InnoDB: Warning: Using innodb_additional_mem_pool_size is DEPRECATED. This option may be removed in future releases, together with the option innodb_use_sys_malloc and with the InnoDB's internal memory allocator.
2016-02-10  2:08:26 7352 [Note] InnoDB: Using mutexes to ref count buffer pool pages
2016-02-10  2:08:26 7352 [Note] InnoDB: The InnoDB memory heap is disabled
2016-02-10  2:08:26 7352 [Note] InnoDB: Mutexes and rw_locks use Windows interlocked functions
2016-02-10  2:08:26 7352 [Note] InnoDB: Memory barrier is not used
2016-02-10  2:08:26 7352 [Note] InnoDB: Compressed tables use zlib 1.2.3
2016-02-10  2:08:26 7352 [Note] InnoDB: Not using CPU crc32 instructions
2016-02-10  2:08:26 7352 [Note] InnoDB: Initializing buffer pool, size = 16.0M
2016-02-10  2:08:26 7352 [Note] InnoDB: Completed initialization of buffer pool
2016-02-10  2:08:26 7352 [Note] InnoDB: Highest supported file format is Barracuda.
2016-02-10  2:08:26 7352 [Note] InnoDB: The log sequence numbers 1863480 and 1863480 in ibdata files do not match the log sequence number 1863490 in the ib_logfiles!
2016-02-10  2:08:26 7352 [Note] InnoDB: Database was not shutdown normally!
2016-02-10  2:08:26 7352 [Note] InnoDB: Starting crash recovery.
2016-02-10  2:08:26 7352 [Note] InnoDB: Reading tablespace information from the .ibd files...
2016-02-10  2:08:26 7352 [Note] InnoDB: Restoring possible half-written data pages 
2016-02-10  2:08:26 7352 [Note] InnoDB: from the doublewrite buffer...
2016-02-10  2:08:28 7352 [Note] InnoDB: 128 rollback segment(s) are active.
2016-02-10  2:08:28 7352 [Note] InnoDB: Waiting for purge to start
2016-02-10  2:08:28 7352 [Note] InnoDB:  Percona XtraDB (http://www.percona.com) 5.6.26-74.0 started; log sequence number 1863490
2016-02-10  2:08:28 9644 [Note] InnoDB: Dumping buffer pool(s) not yet started
2016-02-10  2:08:28 7352 [Note] Plugin 'FEEDBACK' is disabled.
2016-02-10  2:08:28 7352 [Note] Server socket created on IP: '192.168.178.30'.
2016-02-10  2:08:28 7352 [Note] c:\home\fontenaypayload\xampp\mysql\bin\mysqld.exe: ready for connections.
Version: '10.1.9-MariaDB'  socket: ''  port: 3306  mariadb.org binary distribution
2016-02-10 02:25:22 1d14 InnoDB: Warning: Using innodb_additional_mem_pool_size is DEPRECATED. This option may be removed in future releases, together with the option innodb_use_sys_malloc and with the InnoDB's internal memory allocator.
2016-02-10  2:25:22 7444 [Note] InnoDB: Using mutexes to ref count buffer pool pages
2016-02-10  2:25:22 7444 [Note] InnoDB: The InnoDB memory heap is disabled
2016-02-10  2:25:22 7444 [Note] InnoDB: Mutexes and rw_locks use Windows interlocked functions
2016-02-10  2:25:22 7444 [Note] InnoDB: Memory barrier is not used
2016-02-10  2:25:22 7444 [Note] InnoDB: Compressed tables use zlib 1.2.3
2016-02-10  2:25:22 7444 [Note] InnoDB: Not using CPU crc32 instructions
2016-02-10  2:25:22 7444 [Note] InnoDB: Initializing buffer pool, size = 16.0M
2016-02-10  2:25:22 7444 [Note] InnoDB: Completed initialization of buffer pool
2016-02-10  2:25:23 7444 [Note] InnoDB: Highest supported file format is Barracuda.
2016-02-10  2:25:23 7444 [Note] InnoDB: The log sequence numbers 1863480 and 1863480 in ibdata files do not match the log sequence number 1863500 in the ib_logfiles!
2016-02-10  2:25:23 7444 [Note] InnoDB: Database was not shutdown normally!
2016-02-10  2:25:23 7444 [Note] InnoDB: Starting crash recovery.
2016-02-10  2:25:23 7444 [Note] InnoDB: Reading tablespace information from the .ibd files...
2016-02-10  2:25:23 7444 [Note] InnoDB: Restoring possible half-written data pages 
2016-02-10  2:25:23 7444 [Note] InnoDB: from the doublewrite buffer...
2016-02-10  2:25:23 7444 [Note] InnoDB: 128 rollback segment(s) are active.
2016-02-10  2:25:23 7444 [Note] InnoDB: Waiting for purge to start
2016-02-10  2:25:24 7444 [Note] InnoDB:  Percona XtraDB (http://www.percona.com) 5.6.26-74.0 started; log sequence number 1863500
2016-02-10  2:25:24 10040 [Note] InnoDB: Dumping buffer pool(s) not yet started
2016-02-10  2:25:24 7444 [Note] Plugin 'FEEDBACK' is disabled.
2016-02-10  2:25:24 7444 [Note] Server socket created on IP: '::'.
2016-02-10  2:25:24 7444 [Note] c:\home\fontenaypayload\xampp\mysql\bin\mysqld.exe: ready for connections.
Version: '10.1.9-MariaDB'  socket: ''  port: 3306  mariadb.org binary distribution
2016-02-10  2:26:50 8644 [Warning] Hostname 'simon.fritz.box' does not resolve to 'fe80::815d:bd63:ec48:c367%4'.
2016-02-10  2:26:50 8644 [Note] Hostname 'simon.fritz.box' has the following IP addresses:
2016-02-10  2:26:50 8644 [Note]  - 192.168.178.30
2016-02-10  2:43:12 8664 [Note] c:\home\fontenaypayload\xampp\mysql\bin\mysqld.exe: Normal shutdown

2016-02-10  2:43:12 8664 [Note] Event Scheduler: Purging the queue. 0 events
2016-02-10  2:43:12 9572 [Note] InnoDB: FTS optimize thread exiting.
2016-02-10  2:43:12 8664 [Note] InnoDB: Starting shutdown...
2016-02-10  2:43:14 8664 [Note] InnoDB: Shutdown completed; log sequence number 1863510
2016-02-10  2:43:14 8664 [Note] c:\home\fontenaypayload\xampp\mysql\bin\mysqld.exe: Shutdown complete

2016-03-08 03:27:46 1324 InnoDB: Warning: Using innodb_additional_mem_pool_size is DEPRECATED. This option may be removed in future releases, together with the option innodb_use_sys_malloc and with the InnoDB's internal memory allocator.
2016-03-08  3:27:46 4900 [Note] InnoDB: Using mutexes to ref count buffer pool pages
2016-03-08  3:27:46 4900 [Note] InnoDB: The InnoDB memory heap is disabled
2016-03-08  3:27:46 4900 [Note] InnoDB: Mutexes and rw_locks use Windows interlocked functions
2016-03-08  3:27:46 4900 [Note] InnoDB: Memory barrier is not used
2016-03-08  3:27:46 4900 [Note] InnoDB: Compressed tables use zlib 1.2.3
2016-03-08  3:27:46 4900 [Note] InnoDB: Not using CPU crc32 instructions
2016-03-08  3:27:46 4900 [Note] InnoDB: Initializing buffer pool, size = 16.0M
2016-03-08  3:27:46 4900 [Note] InnoDB: Completed initialization of buffer pool
2016-03-08  3:27:46 4900 [Note] InnoDB: Highest supported file format is Barracuda.
2016-03-08  3:27:48 4900 [Note] InnoDB: 128 rollback segment(s) are active.
2016-03-08  3:27:48 4900 [Note] InnoDB: Waiting for purge to start
2016-03-08  3:27:48 4900 [Note] InnoDB:  Percona XtraDB (http://www.percona.com) 5.6.26-74.0 started; log sequence number 1863510
2016-03-08  3:27:48 3712 [Note] InnoDB: Dumping buffer pool(s) not yet started
2016-03-08  3:27:48 4900 [Note] Plugin 'FEEDBACK' is disabled.
2016-03-08  3:27:48 4900 [Note] Server socket created on IP: '::'.
2016-03-08  3:27:49 4900 [Note] mysql\bin\mysqld.exe: ready for connections.
Version: '10.1.9-MariaDB'  socket: ''  port: 3306  mariadb.org binary distribution
2016-03-08  3:51:20 7368 [Warning] Hostname 'simon.fritz.box' does not resolve to 'fe80::815d:bd63:ec48:c367%4'.
2016-03-08  3:51:20 7368 [Note] Hostname 'simon.fritz.box' has the following IP addresses:
2016-03-08  3:51:20 7368 [Note]  - 192.168.178.30
2016-03-08  4:14:41 7624 [Note] mysql\bin\mysqld.exe: Normal shutdown

2016-03-08  4:14:41 7624 [Note] Event Scheduler: Purging the queue. 0 events
2016-03-08  4:14:41 5064 [Note] InnoDB: FTS optimize thread exiting.
2016-03-08  4:14:41 7624 [Note] InnoDB: Starting shutdown...
2016-03-08  4:14:42 7624 [Note] InnoDB: Shutdown completed; log sequence number 1863669
2016-03-08  4:14:42 7624 [Note] mysql\bin\mysqld.exe: Shutdown complete

2016-03-10 21:35:17 2274 InnoDB: Warning: Using innodb_additional_mem_pool_size is DEPRECATED. This option may be removed in future releases, together with the option innodb_use_sys_malloc and with the InnoDB's internal memory allocator.
2016-03-10 21:35:17 8820 [Note] InnoDB: Using mutexes to ref count buffer pool pages
2016-03-10 21:35:17 8820 [Note] InnoDB: The InnoDB memory heap is disabled
2016-03-10 21:35:17 8820 [Note] InnoDB: Mutexes and rw_locks use Windows interlocked functions
2016-03-10 21:35:17 8820 [Note] InnoDB: Memory barrier is not used
2016-03-10 21:35:17 8820 [Note] InnoDB: Compressed tables use zlib 1.2.3
2016-03-10 21:35:17 8820 [Note] InnoDB: Not using CPU crc32 instructions
2016-03-10 21:35:17 8820 [Note] InnoDB: Initializing buffer pool, size = 16.0M
2016-03-10 21:35:17 8820 [Note] InnoDB: Completed initialization of buffer pool
2016-03-10 21:35:17 8820 [Note] InnoDB: Highest supported file format is Barracuda.
2016-03-10 21:35:18 8820 [Note] InnoDB: 128 rollback segment(s) are active.
2016-03-10 21:35:18 8820 [Note] InnoDB: Waiting for purge to start
2016-03-10 21:35:18 8820 [Note] InnoDB:  Percona XtraDB (http://www.percona.com) 5.6.26-74.0 started; log sequence number 1863669
2016-03-10 21:35:18 2596 [Note] InnoDB: Dumping buffer pool(s) not yet started
2016-03-10 21:35:18 8820 [Note] Plugin 'FEEDBACK' is disabled.
2016-03-10 21:35:18 8820 [Note] Server socket created on IP: '::'.
2016-03-10 21:35:18 8820 [Note] j:\xampp\mysql\bin\mysqld.exe: ready for connections.
Version: '10.1.9-MariaDB'  socket: ''  port: 3306  mariadb.org binary distribution
2016-03-10 21:37:24 5592 [Warning] Host name 'simon.www.huaweimobilewifi.com' could not be resolved: No such host is known. 
2016-03-10 22:32:40 9024 [Note] j:\xampp\mysql\bin\mysqld.exe: Normal shutdown

2016-03-10 22:32:40 9024 [Note] Event Scheduler: Purging the queue. 0 events
2016-03-10 22:32:40 5360 [Note] InnoDB: FTS optimize thread exiting.
2016-03-10 22:32:40 9024 [Note] InnoDB: Starting shutdown...
2016-03-10 22:32:41 9024 [Note] InnoDB: Shutdown completed; log sequence number 1863695
2016-03-10 22:32:41 9024 [Note] j:\xampp\mysql\bin\mysqld.exe: Shutdown complete

2016-04-13 12:55:42 c38 InnoDB: Warning: Using innodb_additional_mem_pool_size is DEPRECATED. This option may be removed in future releases, together with the option innodb_use_sys_malloc and with the InnoDB's internal memory allocator.
2016-04-13 12:55:42 3128 [Note] InnoDB: Using mutexes to ref count buffer pool pages
2016-04-13 12:55:42 3128 [Note] InnoDB: The InnoDB memory heap is disabled
2016-04-13 12:55:42 3128 [Note] InnoDB: Mutexes and rw_locks use Windows interlocked functions
2016-04-13 12:55:42 3128 [Note] InnoDB: Memory barrier is not used
2016-04-13 12:55:42 3128 [Note] InnoDB: Compressed tables use zlib 1.2.3
2016-04-13 12:55:42 3128 [Note] InnoDB: Not using CPU crc32 instructions
2016-04-13 12:55:42 3128 [Note] InnoDB: Initializing buffer pool, size = 16.0M
2016-04-13 12:55:42 3128 [Note] InnoDB: Completed initialization of buffer pool
2016-04-13 12:55:42 3128 [Note] InnoDB: Highest supported file format is Barracuda.
2016-04-13 12:55:44 3128 [Note] InnoDB: 128 rollback segment(s) are active.
2016-04-13 12:55:44 3128 [Note] InnoDB: Waiting for purge to start
2016-04-13 12:55:44 3128 [Note] InnoDB:  Percona XtraDB (http://www.percona.com) 5.6.26-74.0 started; log sequence number 1863695
2016-04-13 12:55:44 6860 [Note] InnoDB: Dumping buffer pool(s) not yet started
2016-04-13 12:55:44 3128 [Note] Plugin 'FEEDBACK' is disabled.
2016-04-13 12:55:44 3128 [Note] Server socket created on IP: '::'.
2016-04-13 12:55:46 3128 [Note] mysql\bin\mysqld.exe: ready for connections.
Version: '10.1.9-MariaDB'  socket: ''  port: 3306  mariadb.org binary distribution
2016-04-13 15:32:24 7048 [Note] mysql\bin\mysqld.exe: Normal shutdown

2016-04-13 15:32:24 7048 [Note] Event Scheduler: Purging the queue. 0 events
2016-04-13 15:32:25 5960 [Note] InnoDB: FTS optimize thread exiting.
2016-04-13 15:32:25 7048 [Note] InnoDB: Starting shutdown...
2016-04-13 15:32:26 7048 [Note] InnoDB: Shutdown completed; log sequence number 1864051
2016-04-13 15:32:26 7048 [Note] mysql\bin\mysqld.exe: Shutdown complete

2016-05-31 15:15:15 358 InnoDB: Warning: Using innodb_additional_mem_pool_size is DEPRECATED. This option may be removed in future releases, together with the option innodb_use_sys_malloc and with the InnoDB's internal memory allocator.
2016-05-31 15:15:15 856 [Note] InnoDB: Using mutexes to ref count buffer pool pages
2016-05-31 15:15:15 856 [Note] InnoDB: The InnoDB memory heap is disabled
2016-05-31 15:15:15 856 [Note] InnoDB: Mutexes and rw_locks use Windows interlocked functions
2016-05-31 15:15:15 856 [Note] InnoDB: Memory barrier is not used
2016-05-31 15:15:15 856 [Note] InnoDB: Compressed tables use zlib 1.2.3
2016-05-31 15:15:15 856 [Note] InnoDB: Not using CPU crc32 instructions
2016-05-31 15:15:15 856 [Note] InnoDB: Initializing buffer pool, size = 16.0M
2016-05-31 15:15:15 856 [Note] InnoDB: Completed initialization of buffer pool
2016-05-31 15:15:15 856 [Note] InnoDB: Highest supported file format is Barracuda.
2016-05-31 15:15:17 856 [Note] InnoDB: 128 rollback segment(s) are active.
2016-05-31 15:15:17 856 [Note] InnoDB: Waiting for purge to start
2016-05-31 15:15:17 856 [Note] InnoDB:  Percona XtraDB (http://www.percona.com) 5.6.26-74.0 started; log sequence number 1864051
2016-05-31 15:15:18 1412 [Note] InnoDB: Dumping buffer pool(s) not yet started
2016-05-31 15:15:18 856 [Note] Plugin 'FEEDBACK' is disabled.
2016-05-31 15:15:18 856 [Note] Server socket created on IP: '::'.
2016-05-31 15:15:19 856 [Note] mysql\bin\mysqld.exe: ready for connections.
Version: '10.1.9-MariaDB'  socket: ''  port: 3306  mariadb.org binary distribution
2016-05-31 16:20:02 2668 [Note] mysql\bin\mysqld.exe: Normal shutdown

2016-05-31 16:20:02 2668 [Note] Event Scheduler: Purging the queue. 0 events
2016-05-31 16:20:02 9888 [Note] InnoDB: FTS optimize thread exiting.
2016-05-31 16:20:02 2668 [Note] InnoDB: Starting shutdown...
2016-05-31 16:20:03 2668 [Note] InnoDB: Shutdown completed; log sequence number 1864061
2016-05-31 16:20:03 2668 [Note] mysql\bin\mysqld.exe: Shutdown complete

2016-09-29 15:08:55 1504 InnoDB: Warning: Using innodb_additional_mem_pool_size is DEPRECATED. This option may be removed in future releases, together with the option innodb_use_sys_malloc and with the InnoDB's internal memory allocator.
2016-09-29 15:08:55 5380 [Note] InnoDB: Using mutexes to ref count buffer pool pages
2016-09-29 15:08:55 5380 [Note] InnoDB: The InnoDB memory heap is disabled
2016-09-29 15:08:55 5380 [Note] InnoDB: Mutexes and rw_locks use Windows interlocked functions
2016-09-29 15:08:55 5380 [Note] InnoDB: Memory barrier is not used
2016-09-29 15:08:55 5380 [Note] InnoDB: Compressed tables use zlib 1.2.3
2016-09-29 15:08:55 5380 [Note] InnoDB: Not using CPU crc32 instructions
2016-09-29 15:08:55 5380 [Note] InnoDB: Initializing buffer pool, size = 16.0M
2016-09-29 15:08:55 5380 [Note] InnoDB: Completed initialization of buffer pool
2016-09-29 15:08:55 5380 [Note] InnoDB: Highest supported file format is Barracuda.
2016-09-29 15:08:56 5380 [Note] InnoDB: 128 rollback segment(s) are active.
2016-09-29 15:08:56 5380 [Note] InnoDB: Waiting for purge to start
2016-09-29 15:08:56 5380 [Note] InnoDB:  Percona XtraDB (http://www.percona.com) 5.6.26-74.0 started; log sequence number 1864061
2016-09-29 15:08:56 2768 [Note] InnoDB: Dumping buffer pool(s) not yet started
2016-09-29 15:08:57 5380 [Note] Plugin 'FEEDBACK' is disabled.
2016-09-29 15:08:57 5380 [Note] Server socket created on IP: '::'.
2016-09-29 15:08:57 5380 [Note] c:\home\fontenaypayload\xampp\mysql\bin\mysqld.exe: ready for connections.
Version: '10.1.9-MariaDB'  socket: ''  port: 3306  mariadb.org binary distribution
2016-10-12 16:10:14 1b44 InnoDB: Warning: Using innodb_additional_mem_pool_size is DEPRECATED. This option may be removed in future releases, together with the option innodb_use_sys_malloc and with the InnoDB's internal memory allocator.
2016-10-12 16:10:14 6980 [Note] InnoDB: Using mutexes to ref count buffer pool pages
2016-10-12 16:10:14 6980 [Note] InnoDB: The InnoDB memory heap is disabled
2016-10-12 16:10:14 6980 [Note] InnoDB: Mutexes and rw_locks use Windows interlocked functions
2016-10-12 16:10:14 6980 [Note] InnoDB: Memory barrier is not used
2016-10-12 16:10:14 6980 [Note] InnoDB: Compressed tables use zlib 1.2.3
2016-10-12 16:10:14 6980 [Note] InnoDB: Not using CPU crc32 instructions
2016-10-12 16:10:14 6980 [Note] InnoDB: Initializing buffer pool, size = 16.0M
2016-10-12 16:10:14 6980 [Note] InnoDB: Completed initialization of buffer pool
2016-10-12 16:10:14 6980 [Note] InnoDB: Highest supported file format is Barracuda.
2016-10-12 16:10:14 6980 [Note] InnoDB: The log sequence numbers 1864061 and 1864061 in ibdata files do not match the log sequence number 1972952 in the ib_logfiles!
2016-10-12 16:10:14 6980 [Note] InnoDB: Database was not shutdown normally!
2016-10-12 16:10:14 6980 [Note] InnoDB: Starting crash recovery.
2016-10-12 16:10:14 6980 [Note] InnoDB: Reading tablespace information from the .ibd files...
2016-10-12 16:10:16 6980 [Note] InnoDB: Restoring possible half-written data pages 
2016-10-12 16:10:16 6980 [Note] InnoDB: from the doublewrite buffer...
2016-10-12 16:10:17 6980 [Note] InnoDB: 128 rollback segment(s) are active.
2016-10-12 16:10:17 6980 [Note] InnoDB: Waiting for purge to start
2016-10-12 16:10:17 6980 [Note] InnoDB:  Percona XtraDB (http://www.percona.com) 5.6.26-74.0 started; log sequence number 1972952
2016-10-12 16:10:18 6376 [Note] InnoDB: Dumping buffer pool(s) not yet started
2016-10-12 16:10:18 6980 [Note] Plugin 'FEEDBACK' is disabled.
2016-10-12 16:10:18 6980 [Note] Server socket created on IP: '::'.
2016-10-12 16:10:18 6980 [ERROR] mysqld.exe: Table '.\mysql\user' is marked as crashed and should be repaired
2016-10-12 16:10:18 6980 [Warning] Checking table:   '.\mysql\user'
2016-10-12 16:10:18 6980 [ERROR] mysql.user: 1 client is using or hasn't closed the table properly
2016-10-12 16:10:18 6980 [ERROR] mysqld.exe: Table '.\mysql\db' is marked as crashed and should be repaired
2016-10-12 16:10:18 6980 [Warning] Checking table:   '.\mysql\db'
2016-10-12 16:10:18 6980 [ERROR] mysql.db: 1 client is using or hasn't closed the table properly
2016-10-12 16:10:18 6980 [Note] c:\home\fontenaypayload\xampp\mysql\bin\mysqld.exe: ready for connections.
Version: '10.1.9-MariaDB'  socket: ''  port: 3306  mariadb.org binary distribution
2016-10-12 16:58:38 6868 [Note] c:\home\fontenaypayload\xampp\mysql\bin\mysqld.exe: Normal shutdown

2016-10-12 16:58:38 6868 [Note] Event Scheduler: Purging the queue. 0 events
2016-10-12 16:58:39 7704 [Note] InnoDB: FTS optimize thread exiting.
2016-10-12 16:58:39 6868 [Note] InnoDB: Starting shutdown...
2016-10-12 16:58:40 6868 [Note] InnoDB: Shutdown completed; log sequence number 1972962
2016-10-12 16:58:40 6868 [Note] c:\home\fontenaypayload\xampp\mysql\bin\mysqld.exe: Shutdown complete

2016-10-14 18:32:05 524 InnoDB: Warning: Using innodb_additional_mem_pool_size is DEPRECATED. This option may be removed in future releases, together with the option innodb_use_sys_malloc and with the InnoDB's internal memory allocator.
2016-10-14 18:32:05 1316 [Note] InnoDB: Using mutexes to ref count buffer pool pages
2016-10-14 18:32:05 1316 [Note] InnoDB: The InnoDB memory heap is disabled
2016-10-14 18:32:05 1316 [Note] InnoDB: Mutexes and rw_locks use Windows interlocked functions
2016-10-14 18:32:05 1316 [Note] InnoDB: Memory barrier is not used
2016-10-14 18:32:05 1316 [Note] InnoDB: Compressed tables use zlib 1.2.3
2016-10-14 18:32:05 1316 [Note] InnoDB: Not using CPU crc32 instructions
2016-10-14 18:32:05 1316 [Note] InnoDB: Initializing buffer pool, size = 16.0M
2016-10-14 18:32:05 1316 [Note] InnoDB: Completed initialization of buffer pool
2016-10-14 18:32:05 1316 [Note] InnoDB: Highest supported file format is Barracuda.
2016-10-14 18:32:07 1316 [Note] InnoDB: 128 rollback segment(s) are active.
2016-10-14 18:32:07 1316 [Note] InnoDB: Waiting for purge to start
2016-10-14 18:32:07 1316 [Note] InnoDB:  Percona XtraDB (http://www.percona.com) 5.6.26-74.0 started; log sequence number 1972962
2016-10-14 18:32:08 5412 [Note] InnoDB: Dumping buffer pool(s) not yet started
2016-10-14 18:32:08 1316 [Note] Plugin 'FEEDBACK' is disabled.
2016-10-14 18:32:08 1316 [Note] Server socket created on IP: '::'.
2016-10-14 18:32:08 1316 [Note] c:\home\fontenaypayload\xampp\mysql\bin\mysqld.exe: ready for connections.
Version: '10.1.9-MariaDB'  socket: ''  port: 3306  mariadb.org binary distribution
2016-10-14 20:52:30 6548 [Note] c:\home\fontenaypayload\xampp\mysql\bin\mysqld.exe: Normal shutdown

2016-10-14 20:52:30 6548 [Note] Event Scheduler: Purging the queue. 0 events
2016-10-14 20:52:30 5624 [Note] InnoDB: FTS optimize thread exiting.
2016-10-14 20:52:30 6548 [Note] InnoDB: Starting shutdown...
2016-10-14 20:52:32 6548 [Note] InnoDB: Shutdown completed; log sequence number 2067111
2016-10-14 20:52:32 6548 [Note] c:\home\fontenaypayload\xampp\mysql\bin\mysqld.exe: Shutdown complete

