[Wed Feb 10 00:17:32.016100 2016] [ssl:warn] [pid 4008:tid 432] AH01909: www.example.com:443:0 server certificate does NOT include an ID which matches the server name
[Wed Feb 10 00:17:32.308147 2016] [ssl:warn] [pid 4008:tid 432] AH01909: www.example.com:443:0 server certificate does NOT include an ID which matches the server name
[Wed Feb 10 00:17:33.652367 2016] [mpm_winnt:notice] [pid 4008:tid 432] AH00455: Apache/2.4.17 (Win32) OpenSSL/1.0.2d PHP/5.6.15 configured -- resuming normal operations
[Wed Feb 10 00:17:33.652367 2016] [mpm_winnt:notice] [pid 4008:tid 432] AH00456: Apache Lounge VC11 Server built: Oct 13 2015 10:54:13
[Wed Feb 10 00:17:33.652367 2016] [core:notice] [pid 4008:tid 432] AH00094: Command line: 'c:\\home\\fontenaypayload\\xampp\\apache\\bin\\httpd.exe -d C:/home/FontenayPayload/xampp/apache'
[Wed Feb 10 00:17:33.656366 2016] [mpm_winnt:notice] [pid 4008:tid 432] AH00418: Parent: Created child process 9128
[Wed Feb 10 00:17:34.072434 2016] [ssl:warn] [pid 9128:tid 472] AH01909: www.example.com:443:0 server certificate does NOT include an ID which matches the server name
[Wed Feb 10 00:17:34.228458 2016] [ssl:warn] [pid 9128:tid 472] AH01909: www.example.com:443:0 server certificate does NOT include an ID which matches the server name
[Wed Feb 10 00:17:34.372516 2016] [mpm_winnt:notice] [pid 9128:tid 472] AH00354: Child: Starting 150 worker threads.
[Wed Feb 10 02:08:35.974830 2016] [ssl:warn] [pid 10804:tid 448] AH01909: www.example.com:443:0 server certificate does NOT include an ID which matches the server name
[Wed Feb 10 02:08:36.042922 2016] [core:warn] [pid 10804:tid 448] AH00098: pid file C:/home/FontenayPayload/xampp/apache/logs/httpd.pid overwritten -- Unclean shutdown of previous Apache run?
[Wed Feb 10 02:08:36.136025 2016] [ssl:warn] [pid 10804:tid 448] AH01909: www.example.com:443:0 server certificate does NOT include an ID which matches the server name
[Wed Feb 10 02:08:36.200098 2016] [mpm_winnt:notice] [pid 10804:tid 448] AH00455: Apache/2.4.17 (Win32) OpenSSL/1.0.2d PHP/5.6.15 configured -- resuming normal operations
[Wed Feb 10 02:08:36.200098 2016] [mpm_winnt:notice] [pid 10804:tid 448] AH00456: Apache Lounge VC11 Server built: Oct 13 2015 10:54:13
[Wed Feb 10 02:08:36.200098 2016] [core:notice] [pid 10804:tid 448] AH00094: Command line: 'c:\\home\\fontenaypayload\\xampp\\apache\\bin\\httpd.exe -d C:/home/FontenayPayload/xampp/apache'
[Wed Feb 10 02:08:36.203101 2016] [mpm_winnt:notice] [pid 10804:tid 448] AH00418: Parent: Created child process 10456
[Wed Feb 10 02:08:36.582527 2016] [ssl:warn] [pid 10456:tid 452] AH01909: www.example.com:443:0 server certificate does NOT include an ID which matches the server name
[Wed Feb 10 02:08:36.723686 2016] [ssl:warn] [pid 10456:tid 452] AH01909: www.example.com:443:0 server certificate does NOT include an ID which matches the server name
[Wed Feb 10 02:08:36.767737 2016] [mpm_winnt:notice] [pid 10456:tid 452] AH00354: Child: Starting 150 worker threads.
[Wed Feb 10 02:25:09.125033 2016] [ssl:warn] [pid 3244:tid 460] AH01909: www.example.com:443:0 server certificate does NOT include an ID which matches the server name
[Wed Feb 10 02:25:09.173107 2016] [core:warn] [pid 3244:tid 460] AH00098: pid file C:/home/FontenayPayload/xampp/apache/logs/httpd.pid overwritten -- Unclean shutdown of previous Apache run?
[Wed Feb 10 02:25:09.259203 2016] [ssl:warn] [pid 3244:tid 460] AH01909: www.example.com:443:0 server certificate does NOT include an ID which matches the server name
[Wed Feb 10 02:25:09.294242 2016] [mpm_winnt:notice] [pid 3244:tid 460] AH00455: Apache/2.4.17 (Win32) OpenSSL/1.0.2d PHP/5.6.15 configured -- resuming normal operations
[Wed Feb 10 02:25:09.294242 2016] [mpm_winnt:notice] [pid 3244:tid 460] AH00456: Apache Lounge VC11 Server built: Oct 13 2015 10:54:13
[Wed Feb 10 02:25:09.294242 2016] [core:notice] [pid 3244:tid 460] AH00094: Command line: 'c:\\home\\fontenaypayload\\xampp\\apache\\bin\\httpd.exe -d C:/home/FontenayPayload/xampp/apache'
[Wed Feb 10 02:25:09.297246 2016] [mpm_winnt:notice] [pid 3244:tid 460] AH00418: Parent: Created child process 10716
[Wed Feb 10 02:25:09.725748 2016] [ssl:warn] [pid 10716:tid 460] AH01909: www.example.com:443:0 server certificate does NOT include an ID which matches the server name
[Wed Feb 10 02:25:09.865907 2016] [ssl:warn] [pid 10716:tid 460] AH01909: www.example.com:443:0 server certificate does NOT include an ID which matches the server name
[Wed Feb 10 02:25:09.902950 2016] [mpm_winnt:notice] [pid 10716:tid 460] AH00354: Child: Starting 150 worker threads.
[Wed Feb 10 02:25:26.655723 2016] [ssl:warn] [pid 10536:tid 444] AH01909: www.example.com:443:0 server certificate does NOT include an ID which matches the server name
[Wed Feb 10 02:25:26.735861 2016] [core:warn] [pid 10536:tid 444] AH00098: pid file C:/home/FontenayPayload/xampp/apache/logs/httpd.pid overwritten -- Unclean shutdown of previous Apache run?
[Wed Feb 10 02:25:26.818905 2016] [ssl:warn] [pid 10536:tid 444] AH01909: www.example.com:443:0 server certificate does NOT include an ID which matches the server name
[Wed Feb 10 02:25:26.848957 2016] [mpm_winnt:notice] [pid 10536:tid 444] AH00455: Apache/2.4.17 (Win32) OpenSSL/1.0.2d PHP/5.6.15 configured -- resuming normal operations
[Wed Feb 10 02:25:26.848957 2016] [mpm_winnt:notice] [pid 10536:tid 444] AH00456: Apache Lounge VC11 Server built: Oct 13 2015 10:54:13
[Wed Feb 10 02:25:26.848957 2016] [core:notice] [pid 10536:tid 444] AH00094: Command line: 'c:\\home\\fontenaypayload\\xampp\\apache\\bin\\httpd.exe -d C:/home/FontenayPayload/xampp/apache'
[Wed Feb 10 02:25:26.851961 2016] [mpm_winnt:notice] [pid 10536:tid 444] AH00418: Parent: Created child process 9284
[Wed Feb 10 02:25:27.216351 2016] [ssl:warn] [pid 9284:tid 452] AH01909: www.example.com:443:0 server certificate does NOT include an ID which matches the server name
[Wed Feb 10 02:25:27.335505 2016] [ssl:warn] [pid 9284:tid 452] AH01909: www.example.com:443:0 server certificate does NOT include an ID which matches the server name
[Wed Feb 10 02:25:27.367549 2016] [mpm_winnt:notice] [pid 9284:tid 452] AH00354: Child: Starting 150 worker threads.
[Tue Mar 08 03:27:50.537007 2016] [ssl:warn] [pid 5836:tid 124] AH01909: www.example.com:443:0 server certificate does NOT include an ID which matches the server name
[Tue Mar 08 03:27:50.756259 2016] [core:warn] [pid 5836:tid 124] AH00098: pid file C:/home/FontenayPayload/xampp/apache/logs/httpd.pid overwritten -- Unclean shutdown of previous Apache run?
[Tue Mar 08 03:27:50.853363 2016] [ssl:warn] [pid 5836:tid 124] AH01909: www.example.com:443:0 server certificate does NOT include an ID which matches the server name
[Tue Mar 08 03:27:51.875515 2016] [mpm_winnt:notice] [pid 5836:tid 124] AH00455: Apache/2.4.17 (Win32) OpenSSL/1.0.2d PHP/5.6.15 configured -- resuming normal operations
[Tue Mar 08 03:27:51.875515 2016] [mpm_winnt:notice] [pid 5836:tid 124] AH00456: Apache Lounge VC11 Server built: Oct 13 2015 10:54:13
[Tue Mar 08 03:27:51.875515 2016] [core:notice] [pid 5836:tid 124] AH00094: Command line: 'apache\\bin\\httpd.exe -d J:/xampp/apache -f conf\\httpd.conf'
[Tue Mar 08 03:27:51.915560 2016] [mpm_winnt:notice] [pid 5836:tid 124] AH00418: Parent: Created child process 6792
Apache server shutdown initiated...
sl:warn] [pid 6792:tid 396] AH01909: www.example.com:443:0 server certificate does NOT include an ID which matches the server name
[Tue Mar 08 03:27:52.687428 2016] [ssl:warn] [pid 6792:tid 396] AH01909: www.example.com:443:0 server certificate does NOT include an ID which matches the server name
[Tue Mar 08 03:27:52.823610 2016] [mpm_winnt:notice] [pid 6792:tid 396] AH00354: Child: Starting 150 worker threads.
[Tue Mar 08 04:14:10.700229 2016] [mpm_winnt:notice] [pid 5836:tid 124] AH00422: Parent: Received shutdown signal -- Shutting down the server.
[Tue Mar 08 04:14:12.702480 2016] [mpm_winnt:notice] [pid 6792:tid 396] AH00364: Child: All worker threads have exited.
[Tue Mar 08 04:14:12.796573 2016] [mpm_winnt:notice] [pid 5836:tid 124] AH00430: Parent: Child process 6792 exited successfully.
[Wed Apr 13 12:55:44.867123 2016] [ssl:warn] [pid 5380:tid 380] AH01909: www.example.com:443:0 server certificate does NOT include an ID which matches the server name
[Wed Apr 13 12:55:45.263518 2016] [ssl:warn] [pid 5380:tid 380] AH01909: www.example.com:443:0 server certificate does NOT include an ID which matches the server name
[Wed Apr 13 12:55:46.638066 2016] [mpm_winnt:notice] [pid 5380:tid 380] AH00455: Apache/2.4.17 (Win32) OpenSSL/1.0.2d PHP/5.6.15 configured -- resuming normal operations
[Wed Apr 13 12:55:46.638066 2016] [mpm_winnt:notice] [pid 5380:tid 380] AH00456: Apache Lounge VC11 Server built: Oct 13 2015 10:54:13
[Wed Apr 13 12:55:46.638066 2016] [core:notice] [pid 5380:tid 380] AH00094: Command line: 'apache\\bin\\httpd.exe -d J:/xampp/apache -f conf\\httpd.conf'
[Wed Apr 13 12:55:46.643072 2016] [mpm_winnt:notice] [pid 5380:tid 380] AH00418: Parent: Created child process 5524
[Wed Apr 13 12:55:47.090577 2016] [ssl:warn] [pid 5524:tid 384] AH01909: www.example.com:443:0 server certificate does NOT include an ID which matches the server name
[Wed Apr 13 12:55:47.208710 2016] [ssl:warn] [pid 5524:tid 384] AH01909: www.example.com:443:0 server certificate does NOT include an ID which matches the server name
[Wed Apr 13 12:55:47.263791 2016] [mpm_winnt:notice] [pid 5524:tid 384] AH00354: Child: Starting 150 worker threads.
[Tue May 31 15:15:17.425344 2016] [ssl:warn] [pid 8352:tid 400] AH01909: www.example.com:443:0 server certificate does NOT include an ID which matches the server name
[Tue May 31 15:15:17.655602 2016] [core:warn] [pid 8352:tid 400] AH00098: pid file C:/home/FontenayPayload/xampp/apache/logs/httpd.pid overwritten -- Unclean shutdown of previous Apache run?
[Tue May 31 15:15:17.765730 2016] [ssl:warn] [pid 8352:tid 400] AH01909: www.example.com:443:0 server certificate does NOT include an ID which matches the server name
[Tue May 31 15:15:19.709912 2016] [mpm_winnt:notice] [pid 8352:tid 400] AH00455: Apache/2.4.17 (Win32) OpenSSL/1.0.2d PHP/5.6.15 configured -- resuming normal operations
[Tue May 31 15:15:19.710914 2016] [mpm_winnt:notice] [pid 8352:tid 400] AH00456: Apache Lounge VC11 Server built: Oct 13 2015 10:54:13
[Tue May 31 15:15:19.710914 2016] [core:notice] [pid 8352:tid 400] AH00094: Command line: 'apache\\bin\\httpd.exe -d C:/home/FontenayPayload/xampp/apache -f conf\\httpd.conf'
[Tue May 31 15:15:19.715920 2016] [mpm_winnt:notice] [pid 8352:tid 400] AH00418: Parent: Created child process 4244
[Tue May 31 15:15:20.232501 2016] [ssl:warn] [pid 4244:tid 288] AH01909: www.example.com:443:0 server certificate does NOT include an ID which matches the server name
[Tue May 31 15:15:20.410702 2016] [ssl:warn] [pid 4244:tid 288] AH01909: www.example.com:443:0 server certificate does NOT include an ID which matches the server name
[Tue May 31 15:15:20.503806 2016] [mpm_winnt:notice] [pid 4244:tid 288] AH00354: Child: Starting 150 worker threads.
[Tue May 31 16:20:02.416419 2016] [mpm_winnt:notice] [pid 8352:tid 400] AH00422: Parent: Received shutdown signal -- Shutting down the server.
[Tue May 31 16:20:04.419666 2016] [mpm_winnt:notice] [pid 4244:tid 288] AH00364: Child: All worker threads have exited.
[Tue May 31 16:20:04.533794 2016] [mpm_winnt:notice] [pid 8352:tid 400] AH00430: Parent: Child process 4244 exited successfully.
[Thu Sep 29 15:08:51.585307 2016] [ssl:warn] [pid 4524:tid 448] AH01909: www.example.com:443:0 server certificate does NOT include an ID which matches the server name
[Thu Sep 29 15:08:52.094904 2016] [ssl:warn] [pid 4524:tid 448] AH01909: www.example.com:443:0 server certificate does NOT include an ID which matches the server name
[Thu Sep 29 15:08:52.886773 2016] [mpm_winnt:notice] [pid 4524:tid 448] AH00455: Apache/2.4.17 (Win32) OpenSSL/1.0.2d PHP/5.6.15 configured -- resuming normal operations
[Thu Sep 29 15:08:52.886773 2016] [mpm_winnt:notice] [pid 4524:tid 448] AH00456: Apache Lounge VC11 Server built: Oct 13 2015 10:54:13
[Thu Sep 29 15:08:52.886773 2016] [core:notice] [pid 4524:tid 448] AH00094: Command line: 'c:\\home\\fontenaypayload\\xampp\\apache\\bin\\httpd.exe -d C:/home/FontenayPayload/xampp/apache'
[Thu Sep 29 15:08:52.896804 2016] [mpm_winnt:notice] [pid 4524:tid 448] AH00418: Parent: Created child process 4276
[Thu Sep 29 15:08:54.311363 2016] [ssl:warn] [pid 4276:tid 460] AH01909: www.example.com:443:0 server certificate does NOT include an ID which matches the server name
[Thu Sep 29 15:08:54.814958 2016] [ssl:warn] [pid 4276:tid 460] AH01909: www.example.com:443:0 server certificate does NOT include an ID which matches the server name
[Thu Sep 29 15:08:54.989154 2016] [mpm_winnt:notice] [pid 4276:tid 460] AH00354: Child: Starting 150 worker threads.
[Fri Oct 07 18:25:16.009551 2016] [ssl:warn] [pid 2484:tid 392] AH01909: www.example.com:443:0 server certificate does NOT include an ID which matches the server name
[Fri Oct 07 18:25:16.169726 2016] [core:warn] [pid 2484:tid 392] AH00098: pid file C:/home/FontenayPayload/xampp/apache/logs/httpd.pid overwritten -- Unclean shutdown of previous Apache run?
[Fri Oct 07 18:25:16.482077 2016] [ssl:warn] [pid 2484:tid 392] AH01909: www.example.com:443:0 server certificate does NOT include an ID which matches the server name
[Fri Oct 07 18:25:16.823460 2016] [mpm_winnt:notice] [pid 2484:tid 392] AH00455: Apache/2.4.17 (Win32) OpenSSL/1.0.2d PHP/5.6.15 configured -- resuming normal operations
[Fri Oct 07 18:25:16.823460 2016] [mpm_winnt:notice] [pid 2484:tid 392] AH00456: Apache Lounge VC11 Server built: Oct 13 2015 10:54:13
[Fri Oct 07 18:25:16.823460 2016] [core:notice] [pid 2484:tid 392] AH00094: Command line: 'c:\\home\\fontenaypayload\\xampp\\apache\\bin\\httpd.exe -d C:/home/FontenayPayload/xampp/apache'
[Fri Oct 07 18:25:16.839507 2016] [mpm_winnt:notice] [pid 2484:tid 392] AH00418: Parent: Created child process 5088
[Fri Oct 07 18:25:18.192998 2016] [ssl:warn] [pid 5088:tid 384] AH01909: www.example.com:443:0 server certificate does NOT include an ID which matches the server name
[Fri Oct 07 18:25:18.650540 2016] [ssl:warn] [pid 5088:tid 384] AH01909: www.example.com:443:0 server certificate does NOT include an ID which matches the server name
[Fri Oct 07 18:25:18.833717 2016] [mpm_winnt:notice] [pid 5088:tid 384] AH00354: Child: Starting 150 worker threads.
